-----------------------------------------------
Hex Dump on Wed Jan  1 14:55:13 2025

47 45 54 20 2f 20 48 54 54 50 2f 31 2e 31 0d 0a 
48 6f 73 74 3a 20 31 39 32 2e 31 36 38 2e 31 2e 
31 32 35 3a 38 30 38 30 0d 0a 43 6f 6e 6e 65 63 
74 69 6f 6e 3a 20 6b 65 65 70 2d 61 6c 69 76 65 
0d 0a 55 70 67 72 61 64 65 2d 49 6e 73 65 63 75 
72 65 2d 52 65 71 75 65 73 74 73 3a 20 31 0d 0a 
55 73 65 72 2d 41 67 65 6e 74 3a 20 4d 6f 7a 69 
6c 6c 61 2f 35 2e 30 20 28 58 31 31 3b 20 4c 69 
6e 75 78 20 78 38 36 5f 36 34 29 20 41 70 70 6c 
65 57 65 62 4b 69 74 2f 35 33 37 2e 33 36 20 28 
4b 48 54 4d 4c 2c 20 6c 69 6b 65 20 47 65 63 6b 
6f 29 20 43 68 72 6f 6d 65 2f 31 33 31 2e 30 2e 
30 2e 30 20 53 61 66 61 72 69 2f 35 33 37 2e 33 
36 0d 0a 41 63 63 65 70 74 3a 20 74 65 78 74 2f 
68 74 6d 6c 2c 61 70 70 6c 69 63 61 74 69 6f 6e 
2f 78 68 74 6d 6c 2b 78 6d 6c 2c 61 70 70 6c 69 
63 61 74 69 6f 6e 2f 78 6d 6c 3b 71 3d 30 2e 39 
2c 69 6d 61 67 65 2f 61 76 69 66 2c 69 6d 61 67 
65 2f 77 65 62 70 2c 69 6d 61 67 65 2f 61 70 6e 
67 2c 2a 2f 2a 3b 71 3d 30 2e 38 0d 0a 53 65 63 
2d 47 50 43 3a 20 31 0d 0a 41 63 63 65 70 74 2d 
4c 61 6e 67 75 61 67 65 3a 20 65 6e 2d 55 53 2c 
65 6e 0d 0a 41 63 63 65 70 74 2d 45 6e 63 6f 64 
69 6e 67 3a 20 67 7a 69 70 2c 20 64 65 66 6c 61 
74 65 0d 0a 0d 0a 
