Client connected to server. There are 2 client(s) connected.
Client connected to server. There are 3 client(s) connected.
Client connected to server. There are 4 client(s) connected.
Client connected to server. There are 5 client(s) connected.
Server has been stopped.
Activity log closed on Tue Dec 31 00:03:17 2024
-----------------------------------------------
Activity log started on Tue Dec 31 00:04:11 2024
Server has been started.
Client connected to server. There are 1 client(s) connected.
Client connected to server. There are 2 client(s) connected.
Server has been stopped.
Activity log closed on Tue Dec 31 00:06:35 2024
-----------------------------------------------
Activity log started on Tue Dec 31 00:14:28 2024
Server has been started.
Client connected to server. There are 1 client(s) connected.
Server has been stopped.
Activity log closed on Tue Dec 31 00:17:19 2024
-----------------------------------------------
Activity log started on Tue Dec 31 00:18:39 2024
Server has been started.
Client connected to server. There are 1 client(s) connected.
Client disconnected from server. There are 0 client(s) connected to the server.
Server has been stopped.
Activity log closed on Tue Dec 31 00:22:26 2024
-----------------------------------------------
Activity log started on Tue Dec 31 00:22:31 2024
Server has been started.
Client connected to server. There are 1 client(s) connected.
Client disconnected from server. There are 0 client(s) connected to the server.
Client connected to server. There are 1 client(s) connected.
Client disconnected from server. There are 0 client(s) connected to the server.
Server has been stopped.
Activity log closed on Tue Dec 31 00:32:03 2024
-----------------------------------------------
Activity log started on Tue Dec 31 00:32:56 2024
Server has been started.
Server has been stopped.
Activity log closed on Tue Dec 31 00:33:00 2024
-----------------------------------------------
Activity log started on Tue Dec 31 00:33:11 2024
Server has been started.
A cliient has connected to the server. There are 1 client(s) connected.
A client has disconnected from the server. There are 0 client(s) connected to the server.
A cliient has connected to the server. There are 1 client(s) connected.
A client has disconnected from the server. There are 0 client(s) connected to the server.
A cliient has connected to the server. There are 1 client(s) connected.
A client has disconnected from the server. There are 0 client(s) connected to the server.
Server has been stopped.
Activity log closed on Tue Dec 31 00:35:17 2024
-----------------------------------------------
Activity log started on Tue Dec 31 16:33:30 2024
Server has been started.
A cliient has connected to the server. There are 1 client(s) connected.
A client has disconnected from the server. There are 0 client(s) connected to the server.
A cliient has connected to the server. There are 1 client(s) connected.
A client has disconnected from the server. There are 0 client(s) connected to the server.
Server has been stopped.
Activity log closed on Tue Dec 31 16:38:34 2024
-----------------------------------------------
Activity log started on Tue Dec 31 16:40:02 2024
Server has been started.
-----------------------------------------------
Activity log started on Wed Jan  1 14:53:55 2025
Server has been started.
A cliient has connected to the server. There are 1 client(s) connected.
A client has disconnected from the server. There are 0 client(s) connected to the server.
Server has been stopped.
Activity log closed on Wed Jan  1 14:54:38 2025
-----------------------------------------------
Activity log started on Wed Jan  1 14:55:09 2025
Server has been started.
A cliient has connected to the server. There are 1 client(s) connected.
A client has disconnected from the server. There are 0 client(s) connected to the server.
